<?xml version="1.0" encoding="UTF-8"?>
<!-- Generated by org.testng.reporters.JUnitReportReporter -->
<testsuite hostname="SANA_AcerSwift3" failures="0" tests="1" name="com.org.main.tests.HomePageTest" time="0.051" errors="0" timestamp="2025-06-02T16:01:36 IST" skipped="0">
  <testcase classname="com.org.main.tests.HomePageTest" name="verifyHomePageLoads" time="0.051"/>
  <system-out/>
</testsuite> <!-- com.org.main.tests.HomePageTest -->
