<?xml version="1.0" encoding="UTF-8"?>
<!-- Generated by org.testng.reporters.JUnitReportReporter -->
<testsuite hostname="SANA_AcerSwift3" failures="0" tests="1" name="com.org.main.tests.LoginTest" time="5.357" errors="0" timestamp="2025-06-02T18:43:33 IST" skipped="0">
  <testcase classname="com.org.main.tests.LoginTest" name="TC001" time="5.357"/>
  <system-out/>
</testsuite> <!-- com.org.main.tests.LoginTest -->
